The system is: Windows - 10.0.18363 - AMD64
Compiling the C compiler identification source file "CMakeCCompilerId.c" succeeded.
Compiler: C:/Program Files (x86)/Microsoft Visual Studio/2017/Enterprise/VC/Tools/MSVC/14.12.25827/bin/Hostx86/x86/cl.exe 
Build flags: 
Id flags:  

The output was:
0
Microsoft (R) C/C++ Optimizing Compiler Version 19.12.25831 for x86
Copyright (C) Microsoft Corporation.  All rights reserved.

CMakeCCompilerId.c
Microsoft (R) Incremental Linker Version 14.12.25831.0
Copyright (C) Microsoft Corporation.  All rights reserved.

/out:CMakeCCompilerId.exe 
CMakeCCompilerId.obj 


Compilation of the C compiler identification source "CMakeCCompilerId.c" produced "CMakeCCompilerId.exe"

Compilation of the C compiler identification source "CMakeCCompilerId.c" produced "CMakeCCompilerId.obj"

The C compiler identification is MSVC, found in "C:/Users/msidd/OneDrive - University of East Anglia/Modules/4 Programming 2/Coursework 0 - C OMDB (formative)/OMDB/cmake-build-debug/CMakeFiles/3.15.3/CompilerIdC/CMakeCCompilerId.exe"

Determining if the C compiler works passed with the following output:
Change Dir: C:/Users/msidd/OneDrive - University of East Anglia/Modules/4 Programming 2/Coursework 0 - C OMDB (formative)/OMDB/cmake-build-debug/CMakeFiles/CMakeTmp

Run Build Command(s):nmake /nologo cmTC_2bb33\fast && 	"C:\Program Files (x86)\Microsoft Visual Studio\2017\Enterprise\VC\Tools\MSVC\14.12.25827\bin\HostX86\x86\nmake.exe" -f CMakeFiles\cmTC_2bb33.dir\build.make /nologo -L                  CMakeFiles\cmTC_2bb33.dir\build
Building C object CMakeFiles/cmTC_2bb33.dir/testCCompiler.c.obj
	C:\PROGRA~2\MIB055~1\2017\ENTERP~1\VC\Tools\MSVC\1412~1.258\bin\Hostx86\x86\cl.exe @C:\Users\msidd\AppData\Local\Temp\nm2978.tmp
testCCompiler.c
Linking C executable cmTC_2bb33.exe
	"C:\Program Files\JetBrains\CLion 2019.2.3\bin\cmake\win\bin\cmake.exe" -E vs_link_exe --intdir=CMakeFiles\cmTC_2bb33.dir --rc=C:\PROGRA~2\WI3CF2~1\10\bin\x86\rc.exe --mt=C:\PROGRA~2\WI3CF2~1\10\bin\x86\mt.exe --manifests  -- C:\PROGRA~2\MIB055~1\2017\ENTERP~1\VC\Tools\MSVC\1412~1.258\bin\Hostx86\x86\link.exe /nologo @CMakeFiles\cmTC_2bb33.dir\objects1.rsp @C:\Users\msidd\AppData\Local\Temp\nm2AF0.tmp



Detecting C compiler ABI info compiled with the following output:
Change Dir: C:/Users/msidd/OneDrive - University of East Anglia/Modules/4 Programming 2/Coursework 0 - C OMDB (formative)/OMDB/cmake-build-debug/CMakeFiles/CMakeTmp

Run Build Command(s):nmake /nologo cmTC_26c51\fast && 	"C:\Program Files (x86)\Microsoft Visual Studio\2017\Enterprise\VC\Tools\MSVC\14.12.25827\bin\HostX86\x86\nmake.exe" -f CMakeFiles\cmTC_26c51.dir\build.make /nologo -L                  CMakeFiles\cmTC_26c51.dir\build
Building C object CMakeFiles/cmTC_26c51.dir/CMakeCCompilerABI.c.obj
	C:\PROGRA~2\MIB055~1\2017\ENTERP~1\VC\Tools\MSVC\1412~1.258\bin\Hostx86\x86\cl.exe @C:\Users\msidd\AppData\Local\Temp\nm2E3B.tmp
CMakeCCompilerABI.c
Linking C executable cmTC_26c51.exe
	"C:\Program Files\JetBrains\CLion 2019.2.3\bin\cmake\win\bin\cmake.exe" -E vs_link_exe --intdir=CMakeFiles\cmTC_26c51.dir --rc=C:\PROGRA~2\WI3CF2~1\10\bin\x86\rc.exe --mt=C:\PROGRA~2\WI3CF2~1\10\bin\x86\mt.exe --manifests  -- C:\PROGRA~2\MIB055~1\2017\ENTERP~1\VC\Tools\MSVC\1412~1.258\bin\Hostx86\x86\link.exe /nologo @CMakeFiles\cmTC_26c51.dir\objects1.rsp @C:\Users\msidd\AppData\Local\Temp\nm2EB9.tmp



